# JRE version: OpenJDK Runtime Environment (11.0.10) (build 11.0.10+0-b96-7249189)
# Java VM: OpenJDK 64-Bit Server VM (11.0.10+0-b96-7249189, mixed mode, tiered, compressed oops, g1 gc, windows-amd64)
Heap:
 garbage-first heap   total 157696K, used 88389K [0x00000000a0000000, 0x0000000100000000)
  region size 1024K, 47 young (48128K), 3 survivors (3072K)
 Metaspace       used 62374K, capacity 63939K, committed 64076K, reserved 1105920K
  class space    used 7909K, capacity 8455K, committed 8524K, reserved 1048576K
GC Heap History (20 events):
Event: 0.631 GC heap before
{Heap before GC invocations=0 (full 0):
 garbage-first heap   total 131072K, used 29696K [0x00000000a0000000, 0x0000000100000000)
  region size 1024K, 24 young (24576K), 0 survivors (0K)
 Metaspace       used 10184K, capacity 10437K, committed 10624K, reserved 1058816K
  class space    used 1064K, capacity 1139K, committed 1152K, reserved 1048576K
}
Event: 0.636 GC heap after
{Heap after GC invocations=1 (full 0):
 garbage-first heap   total 131072K, used 9044K [0x00000000a0000000, 0x0000000100000000)
  region size 1024K, 3 young (3072K), 3 survivors (3072K)
 Metaspace       used 10184K, capacity 10437K, committed 10624K, reserved 1058816K
  class space    used 1064K, capacity 1139K, committed 1152K, reserved 1048576K
}
Event: 0.927 GC heap before
{Heap before GC invocations=1 (full 0):
 garbage-first heap   total 131072K, used 31572K [0x00000000a0000000, 0x0000000100000000)
  region size 1024K, 25 young (25600K), 3 survivors (3072K)
 Metaspace       used 11096K, capacity 11326K, committed 11520K, reserved 1058816K
  class space    used 1165K, capacity 1243K, committed 1280K, reserved 1048576K
}
Event: 0.930 GC heap after
{Heap after GC invocations=2 (full 0):
 garbage-first heap   total 131072K, used 9686K [0x00000000a0000000, 0x0000000100000000)
  region size 1024K, 1 young (1024K), 1 survivors (1024K)
 Metaspace       used 11096K, capacity 11326K, committed 11520K, reserved 1058816K
  class space    used 1165K, capacity 1243K, committed 1280K, reserved 1048576K
}
Event: 1.926 GC heap before
{Heap before GC invocations=2 (full 0):
 garbage-first heap   total 131072K, used 63958K [0x00000000a0000000, 0x0000000100000000)
  region size 1024K, 54 young (55296K), 1 survivors (1024K)
 Metaspace       used 17766K, capacity 18237K, committed 18432K, reserved 1064960K
  class space    used 2103K, capacity 2240K, committed 2304K, reserved 1048576K
}
Event: 1.930 GC heap after
{Heap after GC invocations=3 (full 0):
 garbage-first heap   total 131072K, used 15743K [0x00000000a0000000, 0x0000000100000000)
  region size 1024K, 7 young (7168K), 7 survivors (7168K)
 Metaspace       used 17766K, capacity 18237K, committed 18432K, reserved 1064960K
  class space    used 2103K, capacity 2240K, committed 2304K, reserved 1048576K
}
Event: 2.139 GC heap before
{Heap before GC invocations=3 (full 0):
 garbage-first heap   total 131072K, used 37247K [0x00000000a0000000, 0x0000000100000000)
  region size 1024K, 29 young (29696K), 7 survivors (7168K)
 Metaspace       used 20531K, capacity 21104K, committed 21248K, reserved 1067008K
  class space    used 2503K, capacity 2690K, committed 2816K, reserved 1048576K
}
Event: 2.146 GC heap after
{Heap after GC invocations=4 (full 0):
 garbage-first heap   total 131072K, used 16725K [0x00000000a0000000, 0x0000000100000000)
  region size 1024K, 1 young (1024K), 1 survivors (1024K)
 Metaspace       used 20531K, capacity 21104K, committed 21248K, reserved 1067008K
  class space    used 2503K, capacity 2690K, committed 2816K, reserved 1048576K
}
Event: 2.784 GC heap before
{Heap before GC invocations=5 (full 0):
 garbage-first heap   total 131072K, used 73045K [0x00000000a0000000, 0x0000000100000000)
  region size 1024K, 56 young (57344K), 1 survivors (1024K)
 Metaspace       used 26079K, capacity 26765K, committed 27008K, reserved 1073152K
  class space    used 3420K, capacity 3667K, committed 3712K, reserved 1048576K
}
Event: 2.787 GC heap after
{Heap after GC invocations=6 (full 0):
 garbage-first heap   total 131072K, used 18430K [0x00000000a0000000, 0x0000000100000000)
  region size 1024K, 3 young (3072K), 3 survivors (3072K)
 Metaspace       used 26079K, capacity 26765K, committed 27008K, reserved 1073152K
  class space    used 3420K, capacity 3667K, committed 3712K, reserved 1048576K
}
Event: 3.535 GC heap before
{Heap before GC invocations=6 (full 0):
 garbage-first heap   total 131072K, used 73726K [0x00000000a0000000, 0x0000000100000000)
  region size 1024K, 58 young (59392K), 3 survivors (3072K)
 Metaspace       used 35037K, capacity 35838K, committed 35840K, reserved 1081344K
  class space    used 4538K, capacity 4864K, committed 4864K, reserved 1048576K
}
Event: 3.543 GC heap after
{Heap after GC invocations=7 (full 0):
 garbage-first heap   total 131072K, used 21962K [0x00000000a0000000, 0x0000000100000000)
  region size 1024K, 6 young (6144K), 6 survivors (6144K)
 Metaspace       used 35037K, capacity 35838K, committed 35840K, reserved 1081344K
  class space    used 4538K, capacity 4864K, committed 4864K, reserved 1048576K
}
Event: 4.082 GC heap before
{Heap before GC invocations=8 (full 0):
 garbage-first heap   total 131072K, used 85450K [0x00000000a0000000, 0x0000000100000000)
  region size 1024K, 66 young (67584K), 6 survivors (6144K)
 Metaspace       used 40390K, capacity 41352K, committed 41548K, reserved 1085440K
  class space    used 5226K, capacity 5582K, committed 5708K, reserved 1048576K
}
Event: 4.091 GC heap after
{Heap after GC invocations=9 (full 0):
 garbage-first heap   total 131072K, used 26146K [0x00000000a0000000, 0x0000000100000000)
  region size 1024K, 8 young (8192K), 8 survivors (8192K)
 Metaspace       used 40390K, capacity 41352K, committed 41548K, reserved 1085440K
  class space    used 5226K, capacity 5582K, committed 5708K, reserved 1048576K
}
Event: 4.599 GC heap before
{Heap before GC invocations=9 (full 0):
 garbage-first heap   total 131072K, used 88610K [0x00000000a0000000, 0x0000000100000000)
  region size 1024K, 69 young (70656K), 8 survivors (8192K)
 Metaspace       used 45281K, capacity 46398K, committed 46540K, reserved 1089536K
  class space    used 5817K, capacity 6221K, committed 6348K, reserved 1048576K
}
Event: 4.606 GC heap after
{Heap after GC invocations=10 (full 0):
 garbage-first heap   total 157696K, used 28060K [0x00000000a0000000, 0x0000000100000000)
  region size 1024K, 7 young (7168K), 7 survivors (7168K)
 Metaspace       used 45281K, capacity 46398K, committed 46540K, reserved 1089536K
  class space    used 5817K, capacity 6221K, committed 6348K, reserved 1048576K
}
Event: 5.959 GC heap before
{Heap before GC invocations=10 (full 0):
 garbage-first heap   total 157696K, used 119196K [0x00000000a0000000, 0x0000000100000000)
  region size 1024K, 92 young (94208K), 7 survivors (7168K)
 Metaspace       used 52404K, capacity 53861K, committed 54092K, reserved 1095680K
  class space    used 6706K, capacity 7179K, committed 7244K, reserved 1048576K
}
Event: 5.968 GC heap after
{Heap after GC invocations=11 (full 0):
 garbage-first heap   total 157696K, used 41032K [0x00000000a0000000, 0x0000000100000000)
  region size 1024K, 12 young (12288K), 12 survivors (12288K)
 Metaspace       used 52404K, capacity 53861K, committed 54092K, reserved 1095680K
  class space    used 6706K, capacity 7179K, committed 7244K, reserved 1048576K
}
Event: 6.873 GC heap before
{Heap before GC invocations=11 (full 0):
 garbage-first heap   total 157696K, used 77896K [0x00000000a0000000, 0x0000000100000000)
  region size 1024K, 49 young (50176K), 12 survivors (12288K)
 Metaspace       used 58634K, capacity 60201K, committed 60236K, reserved 1101824K
  class space    used 7432K, capacity 7987K, committed 8012K, reserved 1048576K
}
Event: 6.892 GC heap after
{Heap after GC invocations=12 (full 0):
 garbage-first heap   total 157696K, used 44357K [0x00000000a0000000, 0x0000000100000000)
  region size 1024K, 3 young (3072K), 3 survivors (3072K)
 Metaspace       used 58634K, capacity 60201K, committed 60236K, reserved 1101824K
  class space    used 7432K, capacity 7987K, committed 8012K, reserved 1048576K
}

