# JRE version: OpenJDK Runtime Environment (8.0_152-b01) (build 1.8.0_152-release-1343-b01)
# Java VM: OpenJDK 64-Bit Server VM (25.152-b01 mixed mode windows-amd64 compressed oops)
Heap:
 PSYoungGen      total 457728K, used 71636K [0x00000000e0000000, 0x00000000fea80000, 0x0000000100000000)
  eden space 431616K, 10% used [0x00000000e0000000,0x00000000e2c9b368,0x00000000fa580000)
  from space 26112K, 99% used [0x00000000fd100000,0x00000000fea59d70,0x00000000fea80000)
  to   space 34304K, 0% used [0x00000000fa780000,0x00000000fa780000,0x00000000fc900000)
 ParOldGen       total 92160K, used 58488K [0x00000000a0000000, 0x00000000a5a00000, 0x00000000e0000000)
  object space 92160K, 63% used [0x00000000a0000000,0x00000000a391e1a0,0x00000000a5a00000)
 Metaspace       used 85736K, capacity 88982K, committed 89112K, reserved 1126400K
  class space    used 11131K, capacity 11756K, committed 11800K, reserved 1048576K
GC Heap History (10 events):
Event: 62.703 GC heap before
{Heap before GC invocations=15 (full 3):
 PSYoungGen      total 246272K, used 128K [0x00000000e0000000, 0x00000000f1380000, 0x0000000100000000)
  eden space 227840K, 0% used [0x00000000e0000000,0x00000000e0000000,0x00000000ede80000)
  from space 18432K, 0% used [0x00000000ef180000,0x00000000ef1a0000,0x00000000f0380000)
  to   space 19456K, 0% used [0x00000000ede80000,0x00000000ede80000,0x00000000ef180000)
 ParOldGen       total 72192K, used 33420K [0x00000000a0000000, 0x00000000a4680000, 0x00000000e0000000)
  object space 72192K, 46% used [0x00000000a0000000,0x00000000a20a3218,0x00000000a4680000)
 Metaspace       used 57545K, capacity 59034K, committed 59160K, reserved 1099776K
  class space    used 7756K, capacity 8146K, committed 8216K, reserved 1048576K
Event: 62.877 GC heap after
Heap after GC invocations=15 (full 3):
 PSYoungGen      total 246272K, used 0K [0x00000000e0000000, 0x00000000f1380000, 0x0000000100000000)
  eden space 227840K, 0% used [0x00000000e0000000,0x00000000e0000000,0x00000000ede80000)
  from space 18432K, 0% used [0x00000000ef180000,0x00000000ef180000,0x00000000f0380000)
  to   space 19456K, 0% used [0x00000000ede80000,0x00000000ede80000,0x00000000ef180000)
 ParOldGen       total 92160K, used 26433K [0x00000000a0000000, 0x00000000a5a00000, 0x00000000e0000000)
  object space 92160K, 28% used [0x00000000a0000000,0x00000000a19d07e8,0x00000000a5a00000)
 Metaspace       used 57545K, capacity 59034K, committed 59160K, reserved 1099776K
  class space    used 7756K, capacity 8146K, committed 8216K, reserved 1048576K
}
Event: 84.869 GC heap before
{Heap before GC invocations=16 (full 3):
 PSYoungGen      total 246272K, used 227840K [0x00000000e0000000, 0x00000000f1380000, 0x0000000100000000)
  eden space 227840K, 100% used [0x00000000e0000000,0x00000000ede80000,0x00000000ede80000)
  from space 18432K, 0% used [0x00000000ef180000,0x00000000ef180000,0x00000000f0380000)
  to   space 19456K, 0% used [0x00000000ede80000,0x00000000ede80000,0x00000000ef180000)
 ParOldGen       total 92160K, used 26433K [0x00000000a0000000, 0x00000000a5a00000, 0x00000000e0000000)
  object space 92160K, 28% used [0x00000000a0000000,0x00000000a19d07e8,0x00000000a5a00000)
 Metaspace       used 63580K, capacity 65430K, committed 65560K, reserved 1105920K
  class space    used 8508K, capacity 8948K, committed 8984K, reserved 1048576K
Event: 84.887 GC heap after
Heap after GC invocations=16 (full 3):
 PSYoungGen      total 247296K, used 15673K [0x00000000e0000000, 0x00000000f6b80000, 0x0000000100000000)
  eden space 227840K, 0% used [0x00000000e0000000,0x00000000e0000000,0x00000000ede80000)
  from space 19456K, 80% used [0x00000000ede80000,0x00000000eedce700,0x00000000ef180000)
  to   space 20992K, 0% used [0x00000000f5700000,0x00000000f5700000,0x00000000f6b80000)
 ParOldGen       total 92160K, used 26441K [0x00000000a0000000, 0x00000000a5a00000, 0x00000000e0000000)
  object space 92160K, 28% used [0x00000000a0000000,0x00000000a19d27e8,0x00000000a5a00000)
 Metaspace       used 63580K, capacity 65430K, committed 65560K, reserved 1105920K
  class space    used 8508K, capacity 8948K, committed 8984K, reserved 1048576K
}
Event: 86.190 GC heap before
{Heap before GC invocations=17 (full 3):
 PSYoungGen      total 247296K, used 243513K [0x00000000e0000000, 0x00000000f6b80000, 0x0000000100000000)
  eden space 227840K, 100% used [0x00000000e0000000,0x00000000ede80000,0x00000000ede80000)
  from space 19456K, 80% used [0x00000000ede80000,0x00000000eedce700,0x00000000ef180000)
  to   space 20992K, 0% used [0x00000000f5700000,0x00000000f5700000,0x00000000f6b80000)
 ParOldGen       total 92160K, used 26441K [0x00000000a0000000, 0x00000000a5a00000, 0x00000000e0000000)
  object space 92160K, 28% used [0x00000000a0000000,0x00000000a19d27e8,0x00000000a5a00000)
 Metaspace       used 64303K, capacity 66326K, committed 66456K, reserved 1105920K
  class space    used 8600K, capacity 9076K, committed 9112K, reserved 1048576K
Event: 86.217 GC heap after
Heap after GC invocations=17 (full 3):
 PSYoungGen      total 340992K, used 20990K [0x00000000e0000000, 0x00000000f7a80000, 0x0000000100000000)
  eden space 320000K, 0% used [0x00000000e0000000,0x00000000e0000000,0x00000000f3880000)
  from space 20992K, 99% used [0x00000000f5700000,0x00000000f6b7f9d8,0x00000000f6b80000)
  to   space 31232K, 0% used [0x00000000f3880000,0x00000000f3880000,0x00000000f5700000)
 ParOldGen       total 92160K, used 45435K [0x00000000a0000000, 0x00000000a5a00000, 0x00000000e0000000)
  object space 92160K, 49% used [0x00000000a0000000,0x00000000a2c5ecc0,0x00000000a5a00000)
 Metaspace       used 64303K, capacity 66326K, committed 66456K, reserved 1105920K
  class space    used 8600K, capacity 9076K, committed 9112K, reserved 1048576K
}
Event: 149.677 GC heap before
{Heap before GC invocations=18 (full 3):
 PSYoungGen      total 340992K, used 340990K [0x00000000e0000000, 0x00000000f7a80000, 0x0000000100000000)
  eden space 320000K, 100% used [0x00000000e0000000,0x00000000f3880000,0x00000000f3880000)
  from space 20992K, 99% used [0x00000000f5700000,0x00000000f6b7f9d8,0x00000000f6b80000)
  to   space 31232K, 0% used [0x00000000f3880000,0x00000000f3880000,0x00000000f5700000)
 ParOldGen       total 92160K, used 45435K [0x00000000a0000000, 0x00000000a5a00000, 0x00000000e0000000)
  object space 92160K, 49% used [0x00000000a0000000,0x00000000a2c5ecc0,0x00000000a5a00000)
 Metaspace       used 70098K, capacity 72414K, committed 72728K, reserved 1112064K
  class space    used 9220K, capacity 9678K, committed 9752K, reserved 1048576K
Event: 149.701 GC heap after
Heap after GC invocations=18 (full 3):
 PSYoungGen      total 351232K, used 16963K [0x00000000e0000000, 0x00000000fef80000, 0x0000000100000000)
  eden space 320000K, 0% used [0x00000000e0000000,0x00000000e0000000,0x00000000f3880000)
  from space 31232K, 54% used [0x00000000f3880000,0x00000000f4910d18,0x00000000f5700000)
  to   space 31232K, 0% used [0x00000000fd100000,0x00000000fd100000,0x00000000fef80000)
 ParOldGen       total 92160K, used 50484K [0x00000000a0000000, 0x00000000a5a00000, 0x00000000e0000000)
  object space 92160K, 54% used [0x00000000a0000000,0x00000000a314d390,0x00000000a5a00000)
 Metaspace       used 70098K, capacity 72414K, committed 72728K, reserved 1112064K
  class space    used 9220K, capacity 9678K, committed 9752K, reserved 1048576K
}
Event: 1295.000 GC heap before
{Heap before GC invocations=19 (full 3):
 PSYoungGen      total 351232K, used 336963K [0x00000000e0000000, 0x00000000fef80000, 0x0000000100000000)
  eden space 320000K, 100% used [0x00000000e0000000,0x00000000f3880000,0x00000000f3880000)
  from space 31232K, 54% used [0x00000000f3880000,0x00000000f4910d18,0x00000000f5700000)
  to   space 31232K, 0% used [0x00000000fd100000,0x00000000fd100000,0x00000000fef80000)
 ParOldGen       total 92160K, used 50484K [0x00000000a0000000, 0x00000000a5a00000, 0x00000000e0000000)
  object space 92160K, 54% used [0x00000000a0000000,0x00000000a314d390,0x00000000a5a00000)
 Metaspace       used 85734K, capacity 88982K, committed 89112K, reserved 1126400K
  class space    used 11131K, capacity 11756K, committed 11800K, reserved 1048576K
Event: 1295.034 GC heap after
Heap after GC invocations=19 (full 3):
 PSYoungGen      total 457728K, used 25959K [0x00000000e0000000, 0x00000000fea80000, 0x0000000100000000)
  eden space 431616K, 0% used [0x00000000e0000000,0x00000000e0000000,0x00000000fa580000)
  from space 26112K, 99% used [0x00000000fd100000,0x00000000fea59d70,0x00000000fea80000)
  to   space 34304K, 0% used [0x00000000fa780000,0x00000000fa780000,0x00000000fc900000)
 ParOldGen       total 92160K, used 58488K [0x00000000a0000000, 0x00000000a5a00000, 0x00000000e0000000)
  object space 92160K, 63% used [0x00000000a0000000,0x00000000a391e1a0,0x00000000a5a00000)
 Metaspace       used 85734K, capacity 88982K, committed 89112K, reserved 1126400K
  class space    used 11131K, capacity 11756K, committed 11800K, reserved 1048576K
}

