# JRE version: OpenJDK Runtime Environment (11.0.10) (build 11.0.10+0-b96-7249189)
# Java VM: OpenJDK 64-Bit Server VM (11.0.10+0-b96-7249189, mixed mode, tiered, compressed oops, g1 gc, windows-amd64)
Heap:
 garbage-first heap   total 476160K, used 349300K [0x00000000a0000000, 0x0000000100000000)
  region size 1024K, 164 young (167936K), 12 survivors (12288K)
 Metaspace       used 93531K, capacity 96058K, committed 96332K, reserved 1132544K
  class space    used 12140K, capacity 13088K, committed 13132K, reserved 1048576K
GC Heap History (20 events):
Event: 14.871 GC heap before
{Heap before GC invocations=48 (full 0):
 garbage-first heap   total 476160K, used 412505K [0x00000000a0000000, 0x0000000100000000)
  region size 1024K, 233 young (238592K), 13 survivors (13312K)
 Metaspace       used 93382K, capacity 95891K, committed 96076K, reserved 1132544K
  class space    used 12127K, capacity 13075K, committed 13132K, reserved 1048576K
}
Event: 14.881 GC heap after
{Heap after GC invocations=49 (full 0):
 garbage-first heap   total 476160K, used 188538K [0x00000000a0000000, 0x0000000100000000)
  region size 1024K, 14 young (14336K), 14 survivors (14336K)
 Metaspace       used 93382K, capacity 95891K, committed 96076K, reserved 1132544K
  class space    used 12127K, capacity 13075K, committed 13132K, reserved 1048576K
}
Event: 15.379 GC heap before
{Heap before GC invocations=49 (full 0):
 garbage-first heap   total 476160K, used 412794K [0x00000000a0000000, 0x0000000100000000)
  region size 1024K, 233 young (238592K), 14 survivors (14336K)
 Metaspace       used 93399K, capacity 95893K, committed 96076K, reserved 1132544K
  class space    used 12127K, capacity 13075K, committed 13132K, reserved 1048576K
}
Event: 15.392 GC heap after
{Heap after GC invocations=50 (full 0):
 garbage-first heap   total 476160K, used 188577K [0x00000000a0000000, 0x0000000100000000)
  region size 1024K, 14 young (14336K), 14 survivors (14336K)
 Metaspace       used 93399K, capacity 95893K, committed 96076K, reserved 1132544K
  class space    used 12127K, capacity 13075K, committed 13132K, reserved 1048576K
}
Event: 15.958 GC heap before
{Heap before GC invocations=50 (full 0):
 garbage-first heap   total 476160K, used 412833K [0x00000000a0000000, 0x0000000100000000)
  region size 1024K, 233 young (238592K), 14 survivors (14336K)
 Metaspace       used 93418K, capacity 95959K, committed 96076K, reserved 1132544K
  class space    used 12129K, capacity 13076K, committed 13132K, reserved 1048576K
}
Event: 15.973 GC heap after
{Heap after GC invocations=51 (full 0):
 garbage-first heap   total 476160K, used 188916K [0x00000000a0000000, 0x0000000100000000)
  region size 1024K, 14 young (14336K), 14 survivors (14336K)
 Metaspace       used 93418K, capacity 95959K, committed 96076K, reserved 1132544K
  class space    used 12129K, capacity 13076K, committed 13132K, reserved 1048576K
}
Event: 16.468 GC heap before
{Heap before GC invocations=51 (full 0):
 garbage-first heap   total 476160K, used 413172K [0x00000000a0000000, 0x0000000100000000)
  region size 1024K, 233 young (238592K), 14 survivors (14336K)
 Metaspace       used 93425K, capacity 95959K, committed 96076K, reserved 1132544K
  class space    used 12130K, capacity 13076K, committed 13132K, reserved 1048576K
}
Event: 16.484 GC heap after
{Heap after GC invocations=52 (full 0):
 garbage-first heap   total 476160K, used 189975K [0x00000000a0000000, 0x0000000100000000)
  region size 1024K, 15 young (15360K), 15 survivors (15360K)
 Metaspace       used 93425K, capacity 95959K, committed 96076K, reserved 1132544K
  class space    used 12130K, capacity 13076K, committed 13132K, reserved 1048576K
}
Event: 17.031 GC heap before
{Heap before GC invocations=52 (full 0):
 garbage-first heap   total 476160K, used 412183K [0x00000000a0000000, 0x0000000100000000)
  region size 1024K, 232 young (237568K), 15 survivors (15360K)
 Metaspace       used 93460K, capacity 95967K, committed 96076K, reserved 1132544K
  class space    used 12134K, capacity 13079K, committed 13132K, reserved 1048576K
}
Event: 17.045 GC heap after
{Heap after GC invocations=53 (full 0):
 garbage-first heap   total 476160K, used 190378K [0x00000000a0000000, 0x0000000100000000)
  region size 1024K, 16 young (16384K), 16 survivors (16384K)
 Metaspace       used 93460K, capacity 95967K, committed 96076K, reserved 1132544K
  class space    used 12134K, capacity 13079K, committed 13132K, reserved 1048576K
}
Event: 17.557 GC heap before
{Heap before GC invocations=53 (full 0):
 garbage-first heap   total 476160K, used 410538K [0x00000000a0000000, 0x0000000100000000)
  region size 1024K, 231 young (236544K), 16 survivors (16384K)
 Metaspace       used 93485K, capacity 95982K, committed 96076K, reserved 1132544K
  class space    used 12138K, capacity 13084K, committed 13132K, reserved 1048576K
}
Event: 17.570 GC heap after
{Heap after GC invocations=54 (full 0):
 garbage-first heap   total 476160K, used 191773K [0x00000000a0000000, 0x0000000100000000)
  region size 1024K, 17 young (17408K), 17 survivors (17408K)
 Metaspace       used 93485K, capacity 95982K, committed 96076K, reserved 1132544K
  class space    used 12138K, capacity 13084K, committed 13132K, reserved 1048576K
}
Event: 18.072 GC heap before
{Heap before GC invocations=54 (full 0):
 garbage-first heap   total 476160K, used 409885K [0x00000000a0000000, 0x0000000100000000)
  region size 1024K, 230 young (235520K), 17 survivors (17408K)
 Metaspace       used 93495K, capacity 95982K, committed 96076K, reserved 1132544K
  class space    used 12138K, capacity 13084K, committed 13132K, reserved 1048576K
}
Event: 18.086 GC heap after
{Heap after GC invocations=55 (full 0):
 garbage-first heap   total 476160K, used 192196K [0x00000000a0000000, 0x0000000100000000)
  region size 1024K, 13 young (13312K), 13 survivors (13312K)
 Metaspace       used 93495K, capacity 95982K, committed 96076K, reserved 1132544K
  class space    used 12138K, capacity 13084K, committed 13132K, reserved 1048576K
}
Event: 18.496 GC heap before
{Heap before GC invocations=55 (full 0):
 garbage-first heap   total 476160K, used 413380K [0x00000000a0000000, 0x0000000100000000)
  region size 1024K, 229 young (234496K), 13 survivors (13312K)
 Metaspace       used 93509K, capacity 96057K, committed 96332K, reserved 1132544K
  class space    used 12140K, capacity 13088K, committed 13132K, reserved 1048576K
}
Event: 18.511 GC heap after
{Heap after GC invocations=56 (full 0):
 garbage-first heap   total 476160K, used 193464K [0x00000000a0000000, 0x0000000100000000)
  region size 1024K, 14 young (14336K), 14 survivors (14336K)
 Metaspace       used 93509K, capacity 96057K, committed 96332K, reserved 1132544K
  class space    used 12140K, capacity 13088K, committed 13132K, reserved 1048576K
}
Event: 18.904 GC heap before
{Heap before GC invocations=56 (full 0):
 garbage-first heap   total 476160K, used 412600K [0x00000000a0000000, 0x0000000100000000)
  region size 1024K, 228 young (233472K), 14 survivors (14336K)
 Metaspace       used 93524K, capacity 96058K, committed 96332K, reserved 1132544K
  class space    used 12140K, capacity 13088K, committed 13132K, reserved 1048576K
}
Event: 18.917 GC heap after
{Heap after GC invocations=57 (full 0):
 garbage-first heap   total 476160K, used 193483K [0x00000000a0000000, 0x0000000100000000)
  region size 1024K, 14 young (14336K), 14 survivors (14336K)
 Metaspace       used 93524K, capacity 96058K, committed 96332K, reserved 1132544K
  class space    used 12140K, capacity 13088K, committed 13132K, reserved 1048576K
}
Event: 19.386 GC heap before
{Heap before GC invocations=57 (full 0):
 garbage-first heap   total 476160K, used 412619K [0x00000000a0000000, 0x0000000100000000)
  region size 1024K, 228 young (233472K), 14 survivors (14336K)
 Metaspace       used 93530K, capacity 96058K, committed 96332K, reserved 1132544K
  class space    used 12140K, capacity 13088K, committed 13132K, reserved 1048576K
}
Event: 19.399 GC heap after
{Heap after GC invocations=58 (full 0):
 garbage-first heap   total 476160K, used 194676K [0x00000000a0000000, 0x0000000100000000)
  region size 1024K, 12 young (12288K), 12 survivors (12288K)
 Metaspace       used 93530K, capacity 96058K, committed 96332K, reserved 1132544K
  class space    used 12140K, capacity 13088K, committed 13132K, reserved 1048576K
}

